'-> Filter: (NumPenaltiesByPosition.numPensByPosition = (select #4))  (actual time=332.484..332.484 rows=1 loops=1)\n    -> Index lookup on NumPenaltiesByPosition using <auto_key0> (numPensByPosition=(select #4))  (actual time=0.025..0.025 rows=1 loops=1)\n        -> Materialize CTE NumPenaltiesByPosition if needed  (actual time=332.482..332.482 rows=1 loops=1)\n            -> Table scan on <temporary>  (actual time=0.000..0.001 rows=5 loops=1)\n                -> Aggregate using temporary table  (actual time=332.429..332.429 rows=5 loops=1)\n                    -> Nested loop inner join  (actual time=323.622..330.379 rows=3226 loops=1)\n                        -> Table scan on PlayerInfo  (cost=415.65 rows=3914) (actual time=0.061..1.581 rows=3925 loops=1)\n                        -> Index lookup on NumPenaltiesByPlayer using <auto_key0> (playerID=PlayerInfo.playerID)  (actual time=0.001..0.001 rows=1 loops=3925)\n                            -> Materialize CTE NumPenaltiesByPlayer if needed  (actual time=0.083..0.084 rows=1 loops=3925)\n                                -> Table scan on <temporary>  (actual time=0.001..0.196 rows=3226 loops=1)\n                                    -> Aggregate using temporary table  (actual time=320.254..320.640 rows=3226 loops=1)\n                                        -> Filter: (GamePlaysPlayers.playerRole = \'PenaltyOn\')  (cost=47287.30 rows=443674) (actual time=0.084..186.129 rows=229132 loops=1)\n                                            -> Index lookup on GamePlaysPlayers using playerR (playerRole=\'PenaltyOn\')  (cost=47287.30 rows=443674) (actual time=0.082..115.003 rows=229132 loops=1)\n    -> Select #4 (subquery in condition; run only once)\n        -> Aggregate: max(NumPenaltiesByPosition.numPensByPosition)  (actual time=0.013..0.013 rows=1 loops=1)\n            -> Table scan on NumPenaltiesByPosition  (actual time=0.000..0.001 rows=5 loops=1)\n                -> Materialize CTE NumPenaltiesByPosition if needed (query plan printed elsewhere)  (actual time=0.005..0.006 rows=5 loops=1)\n'
